#
# A fatal error has been detected by the Java Runtime Environment:
#
#  Internal Error (os_windows_x86.cpp:114), pid=9160, tid=7396
#  Error: guarantee(result == -1,"Unexpected result from topLevelExceptionFilter")
#
# JRE version: 6.0_17-b04
# Java VM: Java HotSpot(TM) 64-Bit Server VM (14.3-b01 mixed mode windows-amd64 )
# If you would like to submit a bug report, please visit:
#   http://java.sun.com/webapps/bugreport/crash.jsp
# The crash happened outside the Java Virtual Machine in native code.
# See problematic frame for where to report the bug.
#

---------------  T H R E A D  ---------------

Current thread (0x0000000001fc1800):  JavaThread "main" [_thread_in_native, id=7396, stack(0x00000000000d0000,0x00000000015d0000)]

Stack: [0x00000000000d0000,0x00000000015d0000]
Java frames: (J=compiled Java code, j=interpreted, Vv=VM code)
j  com.mathworks.jmi.NativeMatlab.ProcessPendingEvents()Z+0
j  com.mathworks.jmi.NativeMatlab.processPendingEvents()Z+8
j  com.mathworks.jmi.Matlab$ProcessPendingEvents.callBooleanMethod(Ljava/lang/Object;)Z+0
j  com.mathworks.util.FactoryUtils.processPendingEvents()Z+12
j  com.mathworks.mde.desk.MLDesktop.canClose()Z+84
j  com.mathworks.mde.desk.MLDesktop$2.call()Ljava/lang/Boolean;+4
j  com.mathworks.mde.desk.MLDesktop$2.call()Ljava/lang/Object;+1
j  com.mathworks.jmi.Matlab.isOkToExit()Z+54
v  ~StubRoutines::call_stub
j  com.mathworks.jmi.NativeMatlab.SendMatlabMessage(Ljava/lang/Object;)Ljava/lang/Object;+0
j  com.mathworks.jmi.NativeMatlab.sendMatlabMessage(Ljava/lang/Object;)Ljava/lang/Object;+22
j  com.mathworks.jmi.MatlabLooper.sendMatlabMessage(Lcom/mathworks/services/message/MWMessage;)Ljava/lang/Object;+20
j  com.mathworks.jmi.Matlab.mtFevalConsoleOutput(Ljava/lang/String;[Ljava/lang/Object;I)Ljava/lang/Object;+58
j  com.mathworks.mde.desk.MLDesktop$8.run()V+14
j  com.mathworks.jmi.NativeMatlab.dispatchMTRequests(Z)V+50
v  ~StubRoutines::call_stub

---------------  P R O C E S S  ---------------

Java Threads: ( => current thread )
  0x000000000f90e800 JavaThread "Code Analyzer updating thread" [_thread_blocked, id=2412, stack(0x000000000e720000,0x000000000e7a0000)]
  0x000000000f8ca000 JavaThread "Code Analyzer updating thread" [_thread_blocked, id=2924, stack(0x000000000e320000,0x000000000e3a0000)]
  0x000000000f8c4000 JavaThread "Active Reference Queue Daemon" daemon [_thread_blocked, id=4280, stack(0x000000000e510000,0x000000000e590000)]
  0x000000000f8c9000 JavaThread "Timer-85" daemon [_thread_blocked, id=4344, stack(0x000000000e430000,0x000000000e4b0000)]
  0x000000000f90e000 JavaThread "RequestQueue for GenericFileList" [_thread_blocked, id=9096, stack(0x000000000dea0000,0x000000000df20000)]
  0x000000000f8cb800 JavaThread "Timer-8" daemon [_thread_blocked, id=5280, stack(0x0000000028360000,0x00000000283e0000)]
  0x000000000f8c7800 JavaThread "Prefs Updater" daemon [_thread_blocked, id=8440, stack(0x0000000029960000,0x00000000299e0000)]
  0x000000000f8c5000 JavaThread "Timer-1" [_thread_blocked, id=4088, stack(0x0000000031cb0000,0x0000000031d30000)]
  0x000000000f8c7000 JavaThread "FelixPackageAdmin" daemon [_thread_blocked, id=7476, stack(0x0000000035a60000,0x0000000035ae0000)]
  0x000000000f8c6800 JavaThread "FelixStartLevel" daemon [_thread_blocked, id=9304, stack(0x000000002dc00000,0x000000002dc80000)]
  0x000000000f8c5800 JavaThread "FelixDispatchQueue" daemon [_thread_blocked, id=7184, stack(0x000000002c670000,0x000000002c6f0000)]
  0x000000000f8c3800 JavaThread "TimerQueue" daemon [_thread_blocked, id=7848, stack(0x000000000c240000,0x000000000c2c0000)]
  0x000000000f8c2800 JavaThread "AWT-EventQueue-0" [_thread_in_Java, id=10036, stack(0x000000000d8f0000,0x000000000d970000)]
  0x000000000f8c2000 JavaThread "com.google.common.base.internal.Finalizer" daemon [_thread_blocked, id=1032, stack(0x000000000acb0000,0x000000000ad30000)]
  0x000000000f8c0800 JavaThread "AWT-Windows" daemon [_thread_in_native, id=6056, stack(0x000000000c2e0000,0x000000000c360000)]
  0x000000000f8c0000 JavaThread "AWT-Shutdown" [_thread_blocked, id=7288, stack(0x0000000004970000,0x00000000049f0000)]
  0x000000000f8bf000 JavaThread "Java2D Disposer" daemon [_thread_blocked, id=9172, stack(0x0000000004a50000,0x0000000004ad0000)]
  0x000000000f8be800 JavaThread "Timer-0" [_thread_blocked, id=5228, stack(0x00000000094d0000,0x0000000009550000)]
  0x000000000f8bd800 JavaThread "JMI Unnamed Thread" [_thread_in_native, id=8736, stack(0x0000000006950000,0x0000000007e50000)]
  0x000000000f8bd000 JavaThread "Low Memory Detector" daemon [_thread_blocked, id=3864, stack(0x0000000009610000,0x0000000009690000)]
  0x000000000f8d8000 JavaThread "CompilerThread1" daemon [_thread_blocked, id=5160, stack(0x0000000030770000,0x0000000031c70000)]
  0x000000000f8ce000 JavaThread "CompilerThread0" daemon [_thread_blocked, id=8644, stack(0x000000002f210000,0x0000000030710000)]
  0x000000000f8bc000 JavaThread "Attach Listener" daemon [_thread_blocked, id=6140, stack(0x0000000007f10000,0x0000000007f90000)]
  0x000000000207e800 JavaThread "Finalizer" daemon [_thread_blocked, id=6872, stack(0x000000000abb0000,0x000000000ac30000)]
  0x000000000f865800 JavaThread "Reference Handler" daemon [_thread_blocked, id=8912, stack(0x000000000ac30000,0x000000000acb0000)]
=>0x0000000001fc1800 JavaThread "main" [_thread_in_native, id=7396, stack(0x00000000000d0000,0x00000000015d0000)]

Other Threads:
  0x000000000f862000 VMThread [stack: 0x000000002dd00000,0x000000002f200000] [id=8636]
  0x000000000f925000 WatcherThread [stack: 0x0000000031d60000,0x0000000033260000] [id=10140]

VM state:not at safepoint (normal execution)

VM Mutex/Monitor currently owned by a thread: None

Heap
 PSYoungGen      total 32576K, used 27059K [0x0000000025250000, 0x0000000028350000, 0x0000000028350000)
  eden space 23488K, 76% used [0x0000000025250000,0x00000000263dd3f0,0x0000000026940000)
  from space 9088K, 99% used [0x00000000269f0000,0x00000000272cfbb0,0x00000000272d0000)
  to   space 13568K, 0% used [0x0000000027610000,0x0000000027610000,0x0000000028350000)
 PSOldGen        total 62080K, used 39142K [0x000000001bf50000, 0x000000001fbf0000, 0x0000000025250000)
  object space 62080K, 63% used [0x000000001bf50000,0x000000001e589b38,0x000000001fbf0000)
 PSPermGen       total 85056K, used 56845K [0x0000000013f50000, 0x0000000019260000, 0x000000001bf50000)
  object space 85056K, 66% used [0x0000000013f50000,0x00000000176d3480,0x0000000019260000)

Dynamic libraries:
0x000000013fdd0000 - 0x000000013fdf9000 	C:\Program Files\MATLAB\R2011a\bin\win64\MATLAB.exe
0x0000000077930000 - 0x0000000077ad9000 	C:\windows\SYSTEM32\ntdll.dll
0x0000000077710000 - 0x000000007782f000 	C:\windows\system32\kernel32.dll
0x000007fefd9e0000 - 0x000007fefda4c000 	C:\windows\system32\KERNELBASE.dll
0x0000000074460000 - 0x0000000074569000 	C:\Program Files\MATLAB\R2011a\bin\win64\libut.dll
0x00000000758a0000 - 0x0000000075920000 	C:\Program Files\MATLAB\R2011a\bin\win64\libmwi18n.dll
0x0000000180000000 - 0x000000018000b000 	C:\Program Files\MATLAB\R2011a\bin\win64\libmwresource_core.dll
0x0000000074ce0000 - 0x0000000074db3000 	C:\windows\WinSxS\amd64_microsoft.vc90.crt_1fc8b3b9a1e18e3b_9.0.30729.6161_none_08e61857a83bc251\MSVCP90.dll
0x0000000074df0000 - 0x0000000074e93000 	C:\windows\WinSxS\amd64_microsoft.vc90.crt_1fc8b3b9a1e18e3b_9.0.30729.6161_none_08e61857a83bc251\MSVCR90.dll
0x000000007a3b0000 - 0x000000007a3c0000 	C:\Program Files\MATLAB\R2011a\bin\win64\boost_date_time-vc90-mt-1_40.dll
0x000000007a170000 - 0x000000007a189000 	C:\Program Files\MATLAB\R2011a\bin\win64\boost_filesystem-vc90-mt-1_40.dll
0x000000007a560000 - 0x000000007a569000 	C:\Program Files\MATLAB\R2011a\bin\win64\boost_system-vc90-mt-1_40.dll
0x000000007a2d0000 - 0x000000007a2e2000 	C:\Program Files\MATLAB\R2011a\bin\win64\boost_thread-vc90-mt-1_40.dll
0x000000007a010000 - 0x000000007a035000 	C:\Program Files\MATLAB\R2011a\bin\win64\LIBEXPAT.dll
0x00000000739d0000 - 0x0000000073b8c000 	C:\Program Files\MATLAB\R2011a\bin\win64\icuin42.dll
0x00000000740b0000 - 0x0000000074223000 	C:\Program Files\MATLAB\R2011a\bin\win64\icuuc42.dll
0x000007feff420000 - 0x000007feff4fb000 	C:\windows\system32\ADVAPI32.dll
0x000007feff9a0000 - 0x000007feffa3f000 	C:\windows\system32\msvcrt.dll
0x000007feff970000 - 0x000007feff98f000 	C:\windows\SYSTEM32\sechost.dll
0x000007feff220000 - 0x000007feff34d000 	C:\windows\system32\RPCRT4.dll
0x0000000010000000 - 0x0000000010f47000 	C:\Program Files\MATLAB\R2011a\bin\win64\icudt42.dll
0x0000000073f70000 - 0x000000007407d000 	C:\Program Files\MATLAB\R2011a\bin\win64\libmwfl.dll
0x00000000017b0000 - 0x0000000001843000 	C:\Program Files\MATLAB\R2011a\bin\win64\libmwMATLAB_res.dll
0x000000007a250000 - 0x000000007a263000 	C:\Program Files\MATLAB\R2011a\bin\win64\boost_signals-vc90-mt-1_40.dll
0x0000000001850000 - 0x0000000001896000 	C:\Program Files\MATLAB\R2011a\bin\win64\tbb.dll
0x000007feffc20000 - 0x000007feffc39000 	C:\windows\system32\imagehlp.dll
0x0000000077af0000 - 0x0000000077af7000 	C:\windows\system32\PSAPI.DLL
0x000000007a3d0000 - 0x000000007a3e3000 	C:\Program Files\MATLAB\R2011a\bin\win64\icuio42.dll
0x000007fef2dd0000 - 0x000007fef2ef5000 	C:\windows\system32\dbghelp.dll
0x0000000077830000 - 0x000000007792a000 	C:\windows\system32\USER32.dll
0x000007fefdcb0000 - 0x000007fefdd17000 	C:\windows\system32\GDI32.dll
0x000007feff990000 - 0x000007feff99e000 	C:\windows\system32\LPK.dll
0x000007feff040000 - 0x000007feff109000 	C:\windows\system32\USP10.dll
0x000000007bed0000 - 0x000000007c0f5000 	C:\Program Files\MATLAB\R2011a\bin\win64\libmwservices.dll
0x0000000075a20000 - 0x0000000075ab2000 	C:\Program Files\MATLAB\R2011a\bin\win64\libmx.dll
0x000000007a210000 - 0x000000007a226000 	C:\Program Files\MATLAB\R2011a\bin\win64\zlib1.dll
0x0000000074330000 - 0x000000007444b000 	C:\Program Files\MATLAB\R2011a\bin\win64\libmwmathutil.dll
0x000000005fb80000 - 0x000000005fbd4000 	C:\Program Files\MATLAB\R2011a\bin\win64\mpath.dll
0x000000007b680000 - 0x000000007b982000 	C:\Program Files\MATLAB\R2011a\bin\win64\mlutil.dll
0x000000005f270000 - 0x000000005f2f2000 	C:\Program Files\MATLAB\R2011a\bin\win64\xmlcore.dll
0x000000007bc30000 - 0x000000007be83000 	C:\Program Files\MATLAB\R2011a\bin\win64\xerces-c_2_7.dll
0x000007fefdeb0000 - 0x000007fefdefd000 	C:\windows\system32\WS2_32.dll
0x000007feff5a0000 - 0x000007feff5a8000 	C:\windows\system32\NSI.dll
0x000007fefe2b0000 - 0x000007feff039000 	C:\windows\system32\SHELL32.dll
0x000007feff890000 - 0x000007feff901000 	C:\windows\system32\SHLWAPI.dll
0x000007fef8ef0000 - 0x000007fef8f90000 	C:\windows\WinSxS\amd64_microsoft.windows.common-controls_6595b64144ccf1df_5.82.7601.18837_none_a4d981ff711297b6\COMCTL32.dll
0x000007feff350000 - 0x000007feff3e7000 	C:\windows\system32\COMDLG32.dll
0x000007fefc3e0000 - 0x000007fefc3f6000 	C:\windows\system32\NETAPI32.dll
0x000007fefc3d0000 - 0x000007fefc3dc000 	C:\windows\system32\netutils.dll
0x000007fefd1c0000 - 0x000007fefd1e3000 	C:\windows\system32\srvcli.dll
0x000007fefc3b0000 - 0x000007fefc3c5000 	C:\windows\system32\wkscli.dll
0x000007fefdaa0000 - 0x000007fefdca3000 	C:\windows\system32\ole32.dll
0x000007fefdf00000 - 0x000007fefdfd7000 	C:\windows\system32\OLEAUT32.dll
0x0000000074970000 - 0x0000000074a34000 	C:\Program Files\MATLAB\R2011a\bin\win64\mcr.dll
0x0000000075000000 - 0x00000000750e4000 	C:\Program Files\MATLAB\R2011a\bin\win64\iqm.dll
0x0000000053200000 - 0x000000005399c000 	C:\Program Files\MATLAB\R2011a\bin\win64\m_interpreter.dll
0x0000000069c90000 - 0x0000000069c9f000 	C:\Program Files\MATLAB\R2011a\bin\win64\libmex.dll
0x000000005f1c0000 - 0x000000005f264000 	C:\Program Files\MATLAB\R2011a\bin\win64\m_dispatcher.dll
0x0000000074880000 - 0x0000000074945000 	C:\Program Files\MATLAB\R2011a\bin\win64\boost_regex-vc90-mt-1_40.dll
0x00000000602c0000 - 0x000000006033f000 	C:\Program Files\MATLAB\R2011a\bin\win64\profiler.dll
0x0000000079f40000 - 0x0000000079f6c000 	C:\Program Files\MATLAB\R2011a\bin\win64\libmwmathrng.dll
0x000000005fb60000 - 0x000000005fb80000 	C:\Program Files\MATLAB\R2011a\bin\win64\m_pcodeio.dll
0x0000000079b10000 - 0x0000000079b71000 	C:\Program Files\MATLAB\R2011a\bin\win64\m_ir.dll
0x0000000052bc0000 - 0x00000000531fb000 	C:\Program Files\MATLAB\R2011a\bin\win64\m_parser.dll
0x000000005fb40000 - 0x000000005fb59000 	C:\Program Files\MATLAB\R2011a\bin\win64\ir_xfmr.dll
0x0000000058b90000 - 0x0000000058ddb000 	C:\Program Files\MATLAB\R2011a\bin\win64\mcos.dll
0x0000000069ca0000 - 0x0000000069cac000 	C:\Program Files\MATLAB\R2011a\bin\win64\mtok.dll
0x000000005f5d0000 - 0x000000005f5fb000 	C:\Program Files\MATLAB\R2011a\bin\win64\m_pcodegen.dll
0x0000000076160000 - 0x00000000761c2000 	C:\Program Files\MATLAB\R2011a\bin\win64\libmwspmatrix.dll
0x0000000079fb0000 - 0x0000000079fde000 	C:\Program Files\MATLAB\R2011a\bin\win64\libmwbridge.dll
0x000000005f100000 - 0x000000005f1b9000 	C:\Program Files\MATLAB\R2011a\bin\win64\udd.dll
0x000000005e7e0000 - 0x000000005e921000 	C:\Program Files\MATLAB\R2011a\bin\win64\libmwgui.dll
0x000000005f5b0000 - 0x000000005f5c7000 	C:\Program Files\MATLAB\R2011a\bin\win64\graphics_util.dll
0x0000000051ce0000 - 0x0000000052560000 	C:\Program Files\MATLAB\R2011a\bin\win64\hg.dll
0x0000000076100000 - 0x000000007614f000 	C:\Program Files\MATLAB\R2011a\bin\win64\libmat.dll
0x0000000072d30000 - 0x0000000072f33000 	C:\Program Files\MATLAB\R2011a\bin\win64\libhdf5.dll
0x000000005f010000 - 0x000000005f08b000 	C:\Program Files\MATLAB\R2011a\bin\win64\jmi.dll
0x0000000001a90000 - 0x0000000001a9e000 	C:\Program Files\MATLAB\R2011a\bin\win64\nativejava_services.dll
0x000000005f360000 - 0x000000005f39c000 	C:\Program Files\MATLAB\R2011a\bin\win64\libmwhardcopy.dll
0x000000005c320000 - 0x000000005c378000 	C:\Program Files\MATLAB\R2011a\bin\win64\libuij.dll
0x0000000058e40000 - 0x0000000059023000 	C:\Program Files\MATLAB\R2011a\bin\win64\hgdatatypes.dll
0x0000000058ad0000 - 0x0000000058b8c000 	C:\Program Files\MATLAB\R2011a\bin\win64\hgutils.dll
0x000000005c2a0000 - 0x000000005c31c000 	C:\Program Files\MATLAB\R2011a\bin\win64\libmwlapack.dll
0x000000005f340000 - 0x000000005f352000 	C:\Program Files\MATLAB\R2011a\bin\win64\libmwbinder.dll
0x0000000065040000 - 0x000000006504b000 	C:\Program Files\MATLAB\R2011a\bin\win64\libmwompwrapper.dll
0x0000000001b20000 - 0x0000000001de4000 	C:\Program Files\MATLAB\R2011a\bin\win64\uiw.dll
0x0000000069c70000 - 0x0000000069c7a000 	C:\Program Files\MATLAB\R2011a\bin\win64\uinone.dll
0x0000000057160000 - 0x0000000057644000 	C:\windows\WinSxS\amd64_microsoft.vc90.mfc_1fc8b3b9a1e18e3b_9.0.30729.6161_none_044aad0bab1eb146\mfc90.dll
0x000007fef9ec0000 - 0x000007fef9ec7000 	C:\windows\system32\MSIMG32.dll
0x000007fef91c0000 - 0x000007fef9231000 	C:\windows\system32\WINSPOOL.DRV
0x0000000059f20000 - 0x0000000059fc9000 	C:\Program Files\MATLAB\R2011a\bin\win64\udd_mi.dll
0x000000005f0e0000 - 0x000000005f0fb000 	C:\Program Files\MATLAB\R2011a\bin\win64\mwoles05.DLL
0x0000000058350000 - 0x00000000583be000 	C:\Program Files\MATLAB\R2011a\bin\win64\comcli.dll
0x0000000074dc0000 - 0x0000000074def000 	C:\windows\WinSxS\amd64_microsoft.vc90.atl_1fc8b3b9a1e18e3b_9.0.30729.6161_none_0a1fd3a3a768b895\ATL90.DLL
0x000000005fb30000 - 0x000000005fb3c000 	C:\Program Files\MATLAB\R2011a\bin\win64\mlautoregister.dll
0x0000000001e50000 - 0x0000000001e5d000 	C:\Program Files\MATLAB\R2011a\bin\win64\boost_iostreams-vc90-mt-1_40.dll
0x000007feff3f0000 - 0x000007feff41e000 	C:\windows\system32\IMM32.DLL
0x000007feff110000 - 0x000007feff219000 	C:\windows\system32\MSCTF.dll
0x000007fefab50000 - 0x000007fefaba6000 	C:\windows\system32\UxTheme.dll
0x000007fefa780000 - 0x000007fefa798000 	C:\windows\system32\dwmapi.dll
0x000007fef6950000 - 0x000007fef6a29000 	c:\Program Files\Hewlett-Packard\HP ProtectTools Security Manager\Bin\DpoFeedb.dll
0x000007fefca40000 - 0x000007fefca4c000 	C:\windows\system32\VERSION.dll
0x000007fefda50000 - 0x000007fefda6e000 	C:\windows\system32\USERENV.dll
0x000007fefd6e0000 - 0x000007fefd6ef000 	C:\windows\system32\profapi.dll
0x000007fef66d0000 - 0x000007fef6727000 	c:\Program Files\Hewlett-Packard\HP ProtectTools Security Manager\Bin\DpoSet.dll
0x00000000021d0000 - 0x00000000021f9000 	C:\Program Files\MATLAB\R2011a\bin\win64\tbbmalloc.dll
0x000007fefa500000 - 0x000007fefa527000 	C:\windows\system32\iphlpapi.dll
0x000007fefa4f0000 - 0x000007fefa4fb000 	C:\windows\system32\WINNSI.DLL
0x000007fefcd40000 - 0x000007fefcd9b000 	C:\windows\system32\DNSAPI.dll
0x000007fef89b0000 - 0x000007fef89c8000 	C:\windows\system32\dhcpcsvc.DLL
0x000007fef8940000 - 0x000007fef8951000 	C:\windows\system32\dhcpcsvc6.DLL
0x0000000064e60000 - 0x0000000064e63000 	C:\windows\system32\icmp.Dll
0x000007fefd580000 - 0x000007fefd58f000 	C:\windows\system32\CRYPTBASE.dll
0x000007fefd9a0000 - 0x000007fefd9d6000 	C:\windows\system32\CFGMGR32.dll
0x0000000078870000 - 0x0000000078ecd000 	C:\Program Files\MATLAB\R2011a\sys\java\jre\win64\jre\bin\server\jvm.dll
0x000007fefb260000 - 0x000007fefb29b000 	C:\windows\system32\WINMM.dll
0x000000007a440000 - 0x000000007a44e000 	C:\Program Files\MATLAB\R2011a\sys\java\jre\win64\jre\bin\verify.dll
0x000000007a070000 - 0x000000007a097000 	C:\Program Files\MATLAB\R2011a\sys\java\jre\win64\jre\bin\java.dll
0x000000007a540000 - 0x000000007a54a000 	C:\Program Files\MATLAB\R2011a\sys\java\jre\win64\jre\bin\hpi.dll
0x000000007a370000 - 0x000000007a382000 	C:\Program Files\MATLAB\R2011a\sys\java\jre\win64\jre\bin\zip.dll
0x0000000075b90000 - 0x0000000075bfb000 	C:\Program Files\MATLAB\R2011a\sys\java\jre\win64\jre\bin\fontmanager.dll
0x0000000073150000 - 0x0000000073311000 	C:\Program Files\MATLAB\R2011a\sys\java\jre\win64\jre\bin\awt.dll
0x0000000079cf0000 - 0x0000000079d36000 	C:\Program Files\MATLAB\R2011a\bin\win64\nativejmi.dll
0x000000007a600000 - 0x000000007a608000 	C:\Program Files\MATLAB\R2011a\bin\win64\nativeservices.dll
0x000000007a0d0000 - 0x000000007a0e8000 	C:\Program Files\MATLAB\R2011a\bin\win64\nativejava.dll
0x000007fef8960000 - 0x000007fef8978000 	C:\windows\system32\MPR.dll
0x000000007a230000 - 0x000000007a247000 	C:\Program Files\MATLAB\R2011a\sys\java\jre\win64\jre\bin\net.dll
0x000007fefcec0000 - 0x000007fefcf15000 	C:\windows\system32\mswsock.dll

VM Arguments:
jvm_args: -Xss512k -XX:PermSize=32m -Xms64m -XX:NewRatio=3 -XX:MaxPermSize=128m -Xmx196m -XX:MaxDirectMemorySize=2147400000 -Dsun.java2d.noddraw=true -Dsun.awt.nopixfmt=true -Xshare:off -Xrs -Dsun.awt.disableMixing=true -Djava.library.path=C:\Program Files\MATLAB\R2011a\bin\win64 vfprintf abort 
java_command: <unknown>
Launcher Type: generic

Environment Variables:
PATH=C:\ProgramData\Oracle\Java\javapath;c:\Program Files (x86)\Intel\iCLS Client\;c:\Program Files\Intel\iCLS Client\;C:\windows\system32;C:\windows;C:\windows\System32\Wbem;C:\windows\System32\WindowsPowerShell\v1.0\;C:\Program Files\Intel\Intel(R) Management Engine Components\DAL;C:\Program Files\Intel\Intel(R) Management Engine Components\IPT;C:\Program Files (x86)\Intel\Intel(R) Management Engine Components\DAL;C:\Program Files (x86)\Intel\Intel(R) Management Engine Components\IPT;C:\Program Files\MATLAB\R2011a\runtime\win64;C:\Program Files\MATLAB\R2011a\bin;C:\Program Files\MiKTeX 2.9\miktex\bin\x64\;C:\Program Files (x86)\Skype\Phone\
USERNAME=Duncan
OS=Windows_NT
PROCESSOR_IDENTIFIER=Intel64 Family 6 Model 69 Stepping 1, GenuineIntel



---------------  S Y S T E M  ---------------

OS: Windows 7 Build 7601 Service Pack 1

CPU:total 4 (8 cores per cpu, 2 threads per core) family 6 model 69 stepping 1, cmov, cx8, fxsr, mmx, sse, sse2, sse3, ssse3, sse4.1, sse4.2, ht

Memory: 4k page, physical 4063344k(375892k free), swap 8124852k(1933168k free)

vm_info: Java HotSpot(TM) 64-Bit Server VM (14.3-b01) for windows-amd64 JRE (1.6.0_17-b04), built on Oct 11 2009 00:46:08 by "java_re" with MS VC++ 8.0

time: Wed Jun 24 20:17:59 2015
elapsed time: 758 seconds

